<?xml version="1.0" encoding="UTF-8" standalone="no"?>
<testsuite errors="0" failures="0" name="io.cucumber.core.plugin.JUnitFormatter" skipped="0" tests="1" time="12.606">
    <testcase classname="Facebook login feature" name="Facebook login test Scenario" time="12.438">
        <system-out><![CDATA[Given user is already on login page.........................................passed
When title of login page is Facebook........................................passed
Then user enter "8530515733" and "061089"...................................passed
Then user click on login button.............................................passed
Then user is on home page...................................................passed
Then user close the browser.................................................passed
]]></system-out>
    </testcase>
</testsuite>
